<?xml version="1.0" encoding="UTF-8"?>
<coverage generated="1515335600249" clover="3.2.0">
  <project timestamp="1515335600249" name="All files">
    <metrics statements="72" coveredstatements="72" conditionals="25" coveredconditionals="24" methods="32" coveredmethods="28" elements="129" coveredelements="124" complexity="0" loc="72" ncloc="72" packages="11" files="12" classes="12">
      <package name="source">
        <metrics statements="1" coveredstatements="1" conditionals="0" coveredconditionals="0" methods="0" coveredmethods="0"/>
        <file name="config.js" path="/Users/tomekbuszewski/Sites/MovieTinder/source/config.js">
          <metrics statements="1" coveredstatements="1" conditionals="0" coveredconditionals="0" methods="0" coveredmethods="0"/>
          <line num="1" count="2" type="stmt"/>
        </file>
      </package>
      <package name="source.components.App">
        <metrics statements="1" coveredstatements="1" conditionals="0" coveredconditionals="0" methods="1" coveredmethods="1"/>
        <file name="index.js" path="/Users/tomekbuszewski/Sites/MovieTinder/source/components/App/index.js">
          <metrics statements="1" coveredstatements="1" conditionals="0" coveredconditionals="0" methods="1" coveredmethods="1"/>
          <line num="6" count="1" type="stmt"/>
        </file>
      </package>
      <package name="source.components.Button">
        <metrics statements="7" coveredstatements="7" conditionals="2" coveredconditionals="2" methods="2" coveredmethods="1"/>
        <file name="index.js" path="/Users/tomekbuszewski/Sites/MovieTinder/source/components/Button/index.js">
          <metrics statements="7" coveredstatements="7" conditionals="2" coveredconditionals="2" methods="2" coveredmethods="1"/>
          <line num="10" count="4" type="stmt"/>
          <line num="12" count="4" type="stmt"/>
          <line num="13" count="197" type="cond" truecount="2" falsecount="0"/>
          <line num="14" count="197" type="stmt"/>
          <line num="16" count="197" type="stmt"/>
          <line num="19" count="4" type="stmt"/>
          <line num="25" count="4" type="stmt"/>
        </file>
      </package>
      <package name="source.components.EmptyState">
        <metrics statements="2" coveredstatements="2" conditionals="0" coveredconditionals="0" methods="1" coveredmethods="1"/>
        <file name="index.js" path="/Users/tomekbuszewski/Sites/MovieTinder/source/components/EmptyState/index.js">
          <metrics statements="2" coveredstatements="2" conditionals="0" coveredconditionals="0" methods="1" coveredmethods="1"/>
          <line num="9" count="2" type="stmt"/>
          <line num="11" count="4" type="stmt"/>
        </file>
      </package>
      <package name="source.components.Image">
        <metrics statements="4" coveredstatements="4" conditionals="0" coveredconditionals="0" methods="1" coveredmethods="1"/>
        <file name="index.js" path="/Users/tomekbuszewski/Sites/MovieTinder/source/components/Image/index.js">
          <metrics statements="4" coveredstatements="4" conditionals="0" coveredconditionals="0" methods="1" coveredmethods="1"/>
          <line num="14" count="4" type="stmt"/>
          <line num="15" count="100" type="stmt"/>
          <line num="17" count="4" type="stmt"/>
          <line num="23" count="4" type="stmt"/>
        </file>
      </package>
      <package name="source.components.Rating">
        <metrics statements="6" coveredstatements="6" conditionals="6" coveredconditionals="5" methods="1" coveredmethods="1"/>
        <file name="index.js" path="/Users/tomekbuszewski/Sites/MovieTinder/source/components/Rating/index.js">
          <metrics statements="6" coveredstatements="6" conditionals="6" coveredconditionals="5" methods="1" coveredmethods="1"/>
          <line num="6" count="4" type="stmt"/>
          <line num="15" count="4" type="stmt"/>
          <line num="16" count="99" type="stmt"/>
          <line num="18" count="99" type="cond" truecount="1" falsecount="1"/>
          <line num="19" count="99" type="cond" truecount="4" falsecount="0"/>
          <line num="21" count="99" type="stmt"/>
        </file>
      </package>
      <package name="source.components.TextBlock">
        <metrics statements="5" coveredstatements="5" conditionals="2" coveredconditionals="2" methods="1" coveredmethods="1"/>
        <file name="index.js" path="/Users/tomekbuszewski/Sites/MovieTinder/source/components/TextBlock/index.js">
          <metrics statements="5" coveredstatements="5" conditionals="2" coveredconditionals="2" methods="1" coveredmethods="1"/>
          <line num="7" count="4" type="stmt"/>
          <line num="8" count="106" type="cond" truecount="2" falsecount="0"/>
          <line num="10" count="106" type="stmt"/>
          <line num="13" count="4" type="stmt"/>
          <line num="19" count="4" type="stmt"/>
        </file>
      </package>
      <package name="source.components.TextHeader">
        <metrics statements="7" coveredstatements="7" conditionals="4" coveredconditionals="4" methods="1" coveredmethods="1"/>
        <file name="index.js" path="/Users/tomekbuszewski/Sites/MovieTinder/source/components/TextHeader/index.js">
          <metrics statements="7" coveredstatements="7" conditionals="4" coveredconditionals="4" methods="1" coveredmethods="1"/>
          <line num="8" count="4" type="stmt"/>
          <line num="9" count="105" type="cond" truecount="2" falsecount="0"/>
          <line num="10" count="105" type="cond" truecount="2" falsecount="0"/>
          <line num="11" count="105" type="stmt"/>
          <line num="13" count="105" type="stmt"/>
          <line num="16" count="4" type="stmt"/>
          <line num="22" count="4" type="stmt"/>
        </file>
      </package>
      <package name="source.components.TextList">
        <metrics statements="7" coveredstatements="7" conditionals="2" coveredconditionals="2" methods="2" coveredmethods="2"/>
        <file name="index.js" path="/Users/tomekbuszewski/Sites/MovieTinder/source/components/TextList/index.js">
          <metrics statements="7" coveredstatements="7" conditionals="2" coveredconditionals="2" methods="2" coveredmethods="2"/>
          <line num="8" count="1" type="stmt"/>
          <line num="11" count="1" type="stmt"/>
          <line num="12" count="3" type="cond" truecount="2" falsecount="0"/>
          <line num="14" count="3" type="stmt"/>
          <line num="15" count="6" type="stmt"/>
          <line num="19" count="1" type="stmt"/>
          <line num="25" count="1" type="stmt"/>
        </file>
      </package>
      <package name="source.containers.Movie">
        <metrics statements="19" coveredstatements="19" conditionals="7" coveredconditionals="7" methods="11" coveredmethods="9"/>
        <file name="index.js" path="/Users/tomekbuszewski/Sites/MovieTinder/source/containers/Movie/index.js">
          <metrics statements="19" coveredstatements="19" conditionals="7" coveredconditionals="7" methods="11" coveredmethods="9"/>
          <line num="21" count="3" type="stmt"/>
          <line num="25" count="69" type="stmt"/>
          <line num="27" count="69" type="stmt"/>
          <line num="33" count="69" type="stmt"/>
          <line num="37" count="102" type="stmt"/>
          <line num="46" count="204" type="stmt"/>
          <line num="54" count="5" type="cond" truecount="2" falsecount="0"/>
          <line num="55" count="2" type="stmt"/>
          <line num="57" count="3" type="cond" truecount="2" falsecount="0"/>
          <line num="58" count="2" type="stmt"/>
          <line num="60" count="1" type="stmt"/>
          <line num="65" count="5" type="stmt"/>
          <line num="69" count="5" type="stmt"/>
          <line num="84" count="100" type="cond" truecount="2" falsecount="0"/>
          <line num="113" count="6" type="stmt"/>
          <line num="124" count="12" type="stmt"/>
          <line num="129" count="98" type="stmt"/>
          <line num="138" count="1" type="stmt"/>
          <line num="139" count="1" type="stmt"/>
        </file>
      </package>
      <package name="source.containers.MovieList">
        <metrics statements="13" coveredstatements="13" conditionals="2" coveredconditionals="2" methods="11" coveredmethods="10"/>
        <file name="index.js" path="/Users/tomekbuszewski/Sites/MovieTinder/source/containers/MovieList/index.js">
          <metrics statements="12" coveredstatements="12" conditionals="2" coveredconditionals="2" methods="11" coveredmethods="10"/>
          <line num="13" count="2" type="stmt"/>
          <line num="17" count="4" type="stmt"/>
          <line num="19" count="4" type="stmt"/>
          <line num="25" count="5" type="stmt"/>
          <line num="26" count="4" type="stmt"/>
          <line num="27" count="1" type="stmt"/>
          <line num="31" count="6" type="stmt"/>
          <line num="35" count="2" type="stmt"/>
          <line num="37" count="1" type="stmt"/>
          <line num="41" count="4" type="stmt"/>
          <line num="45" count="11" type="cond" truecount="2" falsecount="0"/>
          <line num="46" count="85" type="stmt"/>
        </file>
        <file name="index.mock.js" path="/Users/tomekbuszewski/Sites/MovieTinder/source/containers/MovieList/index.mock.js">
          <metrics statements="1" coveredstatements="1" conditionals="0" coveredconditionals="0" methods="0" coveredmethods="0"/>
          <line num="1" count="1" type="stmt"/>
        </file>
      </package>
    </metrics>
  </project>
</coverage>
