{"/Users/tomekbuszewski/Sites/MovieTinder/source/config.js": {"path":"/Users/tomekbuszewski/Sites/MovieTinder/source/config.js","statementMap":{"0":{"start":{"line":1,"column":23},"end":{"line":1,"column":62}}},"fnMap":{},"branchMap":{},"s":{"0":2},"f":{},"b":{},"_coverageSchema":"332fd63041d2c1bcb487cc26dd0d5f7d97098a6c","hash":"0b19a5d2dd4f82d79a77c625c051acb88891147a"}
,"/Users/tomekbuszewski/Sites/MovieTinder/source/components/App/index.js": {"path":"/Users/tomekbuszewski/Sites/MovieTinder/source/components/App/index.js","statementMap":{"0":{"start":{"line":6,"column":12},"end":{"line":6,"column":28}},"1":{"start":{"line":6,"column":18},"end":{"line":6,"column":28}}},"fnMap":{"0":{"name":"(anonymous_0)","decl":{"start":{"line":6,"column":12},"end":{"line":6,"column":13}},"loc":{"start":{"line":6,"column":18},"end":{"line":6,"column":28}},"line":6}},"branchMap":{},"s":{"0":1,"1":1},"f":{"0":1},"b":{},"_coverageSchema":"332fd63041d2c1bcb487cc26dd0d5f7d97098a6c","hash":"756e7764def96b71cb9178114e920ef0812e3d82"}
,"/Users/tomekbuszewski/Sites/MovieTinder/source/components/Button/index.js": {"path":"/Users/tomekbuszewski/Sites/MovieTinder/source/components/Button/index.js","statementMap":{"0":{"start":{"line":10,"column":12},"end":{"line":10,"column":55}},"1":{"start":{"line":12,"column":15},"end":{"line":17,"column":1}},"2":{"start":{"line":13,"column":12},"end":{"line":13,"column":57}},"3":{"start":{"line":14,"column":20},"end":{"line":14,"column":73}},"4":{"start":{"line":16,"column":2},"end":{"line":16,"column":77}},"5":{"start":{"line":19,"column":0},"end":{"line":23,"column":2}},"6":{"start":{"line":25,"column":0},"end":{"line":29,"column":2}}},"fnMap":{"0":{"name":"(anonymous_0)","decl":{"start":{"line":12,"column":15},"end":{"line":12,"column":16}},"loc":{"start":{"line":12,"column":149},"end":{"line":17,"column":1}},"line":12},"1":{"name":"(anonymous_1)","decl":{"start":{"line":27,"column":11},"end":{"line":27,"column":12}},"loc":{"start":{"line":27,"column":17},"end":{"line":27,"column":19}},"line":27}},"branchMap":{"0":{"loc":{"start":{"line":13,"column":12},"end":{"line":13,"column":57}},"type":"cond-expr","locations":[{"start":{"line":13,"column":37},"end":{"line":13,"column":45}},{"start":{"line":13,"column":48},"end":{"line":13,"column":57}}],"line":13}},"s":{"0":4,"1":4,"2":197,"3":197,"4":197,"5":4,"6":4},"f":{"0":197,"1":0},"b":{"0":[98,99]},"_coverageSchema":"332fd63041d2c1bcb487cc26dd0d5f7d97098a6c","hash":"f659220114ca1d4f588a42a4241841e2dcfba4d0"}
,"/Users/tomekbuszewski/Sites/MovieTinder/source/components/EmptyState/index.js": {"path":"/Users/tomekbuszewski/Sites/MovieTinder/source/components/EmptyState/index.js","statementMap":{"0":{"start":{"line":9,"column":12},"end":{"line":9,"column":53}},"1":{"start":{"line":11,"column":19},"end":{"line":14,"column":6}},"2":{"start":{"line":11,"column":25},"end":{"line":14,"column":6}}},"fnMap":{"0":{"name":"(anonymous_0)","decl":{"start":{"line":11,"column":19},"end":{"line":11,"column":20}},"loc":{"start":{"line":11,"column":25},"end":{"line":14,"column":6}},"line":11}},"branchMap":{},"s":{"0":2,"1":2,"2":4},"f":{"0":4},"b":{},"_coverageSchema":"332fd63041d2c1bcb487cc26dd0d5f7d97098a6c","hash":"4331c7169b262b41f874f1afb40e4503805e25b5"}
,"/Users/tomekbuszewski/Sites/MovieTinder/source/components/Image/index.js": {"path":"/Users/tomekbuszewski/Sites/MovieTinder/source/components/Image/index.js","statementMap":{"0":{"start":{"line":14,"column":14},"end":{"line":15,"column":63}},"1":{"start":{"line":15,"column":0},"end":{"line":15,"column":63}},"2":{"start":{"line":17,"column":0},"end":{"line":21,"column":2}},"3":{"start":{"line":23,"column":0},"end":{"line":27,"column":2}}},"fnMap":{"0":{"name":"(anonymous_0)","decl":{"start":{"line":14,"column":14},"end":{"line":14,"column":15}},"loc":{"start":{"line":15,"column":0},"end":{"line":15,"column":63}},"line":15}},"branchMap":{},"s":{"0":4,"1":100,"2":4,"3":4},"f":{"0":100},"b":{},"_coverageSchema":"332fd63041d2c1bcb487cc26dd0d5f7d97098a6c","hash":"dafa32f6107c1afd79691e3291740ae0e12a07cb"}
,"/Users/tomekbuszewski/Sites/MovieTinder/source/components/Rating/index.js": {"path":"/Users/tomekbuszewski/Sites/MovieTinder/source/components/Rating/index.js","statementMap":{"0":{"start":{"line":6,"column":12},"end":{"line":6,"column":49}},"1":{"start":{"line":15,"column":15},"end":{"line":32,"column":1}},"2":{"start":{"line":16,"column":14},"end":{"line":16,"column":21}},"3":{"start":{"line":18,"column":2},"end":{"line":18,"column":37}},"4":{"start":{"line":18,"column":21},"end":{"line":18,"column":35}},"5":{"start":{"line":19,"column":2},"end":{"line":19,"column":56}},"6":{"start":{"line":19,"column":37},"end":{"line":19,"column":54}},"7":{"start":{"line":21,"column":2},"end":{"line":31,"column":8}}},"fnMap":{"0":{"name":"(anonymous_0)","decl":{"start":{"line":15,"column":15},"end":{"line":15,"column":16}},"loc":{"start":{"line":15,"column":31},"end":{"line":32,"column":1}},"line":15}},"branchMap":{"0":{"loc":{"start":{"line":18,"column":2},"end":{"line":18,"column":37}},"type":"if","locations":[{"start":{"line":18,"column":2},"end":{"line":18,"column":37}},{"start":{"line":18,"column":2},"end":{"line":18,"column":37}}],"line":18},"1":{"loc":{"start":{"line":19,"column":2},"end":{"line":19,"column":56}},"type":"if","locations":[{"start":{"line":19,"column":2},"end":{"line":19,"column":56}},{"start":{"line":19,"column":2},"end":{"line":19,"column":56}}],"line":19},"2":{"loc":{"start":{"line":19,"column":6},"end":{"line":19,"column":33}},"type":"binary-expr","locations":[{"start":{"line":19,"column":6},"end":{"line":19,"column":18}},{"start":{"line":19,"column":22},"end":{"line":19,"column":33}}],"line":19}},"s":{"0":4,"1":4,"2":99,"3":99,"4":0,"5":99,"6":4,"7":99},"f":{"0":99},"b":{"0":[0,99],"1":[4,95],"2":[99,99]},"_coverageSchema":"332fd63041d2c1bcb487cc26dd0d5f7d97098a6c","hash":"f8bc1262bf73a6bc3d19d23be9ccfedb5ebf3389"}
,"/Users/tomekbuszewski/Sites/MovieTinder/source/components/TextBlock/index.js": {"path":"/Users/tomekbuszewski/Sites/MovieTinder/source/components/TextBlock/index.js","statementMap":{"0":{"start":{"line":7,"column":18},"end":{"line":11,"column":1}},"1":{"start":{"line":8,"column":15},"end":{"line":8,"column":73}},"2":{"start":{"line":10,"column":2},"end":{"line":10,"column":83}},"3":{"start":{"line":13,"column":0},"end":{"line":17,"column":2}},"4":{"start":{"line":19,"column":0},"end":{"line":22,"column":2}}},"fnMap":{"0":{"name":"(anonymous_0)","decl":{"start":{"line":7,"column":18},"end":{"line":7,"column":19}},"loc":{"start":{"line":7,"column":128},"end":{"line":11,"column":1}},"line":7}},"branchMap":{"0":{"loc":{"start":{"line":8,"column":15},"end":{"line":8,"column":73}},"type":"cond-expr","locations":[{"start":{"line":8,"column":32},"end":{"line":8,"column":37}},{"start":{"line":8,"column":40},"end":{"line":8,"column":73}}],"line":8}},"s":{"0":4,"1":106,"2":106,"3":4,"4":4},"f":{"0":106},"b":{"0":[8,98]},"_coverageSchema":"332fd63041d2c1bcb487cc26dd0d5f7d97098a6c","hash":"06cefe3dd66eb2575378aef7c267771038c50606"}
,"/Users/tomekbuszewski/Sites/MovieTinder/source/components/TextHeader/index.js": {"path":"/Users/tomekbuszewski/Sites/MovieTinder/source/components/TextHeader/index.js","statementMap":{"0":{"start":{"line":8,"column":19},"end":{"line":14,"column":1}},"1":{"start":{"line":9,"column":28},"end":{"line":9,"column":69}},"2":{"start":{"line":10,"column":14},"end":{"line":10,"column":49}},"3":{"start":{"line":11,"column":20},"end":{"line":11,"column":113}},"4":{"start":{"line":13,"column":2},"end":{"line":13,"column":49}},"5":{"start":{"line":16,"column":0},"end":{"line":20,"column":2}},"6":{"start":{"line":22,"column":0},"end":{"line":25,"column":2}}},"fnMap":{"0":{"name":"(anonymous_0)","decl":{"start":{"line":8,"column":19},"end":{"line":8,"column":20}},"loc":{"start":{"line":8,"column":121},"end":{"line":14,"column":1}},"line":8}},"branchMap":{"0":{"loc":{"start":{"line":9,"column":28},"end":{"line":9,"column":69}},"type":"cond-expr","locations":[{"start":{"line":9,"column":52},"end":{"line":9,"column":59}},{"start":{"line":9,"column":62},"end":{"line":9,"column":69}}],"line":9},"1":{"loc":{"start":{"line":10,"column":14},"end":{"line":10,"column":49}},"type":"cond-expr","locations":[{"start":{"line":10,"column":38},"end":{"line":10,"column":42}},{"start":{"line":10,"column":45},"end":{"line":10,"column":49}}],"line":10}},"s":{"0":4,"1":105,"2":105,"3":105,"4":105,"5":4,"6":4},"f":{"0":105},"b":{"0":[5,100],"1":[5,100]},"_coverageSchema":"332fd63041d2c1bcb487cc26dd0d5f7d97098a6c","hash":"67578034c3bc816a14baecb4454416b2ce033d40"}
,"/Users/tomekbuszewski/Sites/MovieTinder/source/components/TextList/index.js": {"path":"/Users/tomekbuszewski/Sites/MovieTinder/source/components/TextList/index.js","statementMap":{"0":{"start":{"line":8,"column":12},"end":{"line":8,"column":51}},"1":{"start":{"line":11,"column":17},"end":{"line":17,"column":1}},"2":{"start":{"line":12,"column":24},"end":{"line":12,"column":105}},"3":{"start":{"line":14,"column":2},"end":{"line":16,"column":8}},"4":{"start":{"line":15,"column":28},"end":{"line":15,"column":120}},"5":{"start":{"line":19,"column":0},"end":{"line":23,"column":2}},"6":{"start":{"line":25,"column":0},"end":{"line":29,"column":2}}},"fnMap":{"0":{"name":"(anonymous_0)","decl":{"start":{"line":11,"column":17},"end":{"line":11,"column":18}},"loc":{"start":{"line":11,"column":122},"end":{"line":17,"column":1}},"line":11},"1":{"name":"(anonymous_1)","decl":{"start":{"line":15,"column":15},"end":{"line":15,"column":16}},"loc":{"start":{"line":15,"column":28},"end":{"line":15,"column":120}},"line":15}},"branchMap":{"0":{"loc":{"start":{"line":12,"column":24},"end":{"line":12,"column":105}},"type":"cond-expr","locations":[{"start":{"line":12,"column":52},"end":{"line":12,"column":61}},{"start":{"line":12,"column":64},"end":{"line":12,"column":105}}],"line":12}},"s":{"0":1,"1":1,"2":3,"3":3,"4":6,"5":1,"6":1},"f":{"0":3,"1":6},"b":{"0":[2,1]},"_coverageSchema":"332fd63041d2c1bcb487cc26dd0d5f7d97098a6c","hash":"391935e552c9775fef9bf569ddf6912a403d47c5"}
,"/Users/tomekbuszewski/Sites/MovieTinder/source/containers/Movie/index.js": {"path":"/Users/tomekbuszewski/Sites/MovieTinder/source/containers/Movie/index.js","statementMap":{"0":{"start":{"line":21,"column":12},"end":{"line":21,"column":34}},"1":{"start":{"line":25,"column":4},"end":{"line":25,"column":12}},"2":{"start":{"line":27,"column":4},"end":{"line":30,"column":6}},"3":{"start":{"line":33,"column":4},"end":{"line":33,"column":47}},"4":{"start":{"line":37,"column":4},"end":{"line":42,"column":5}},"5":{"start":{"line":46,"column":4},"end":{"line":48,"column":5}},"6":{"start":{"line":54,"column":4},"end":{"line":63,"column":5}},"7":{"start":{"line":55,"column":24},"end":{"line":55,"column":39}},"8":{"start":{"line":55,"column":40},"end":{"line":55,"column":46}},"9":{"start":{"line":57,"column":8},"end":{"line":61,"column":9}},"10":{"start":{"line":58,"column":10},"end":{"line":58,"column":25}},"11":{"start":{"line":58,"column":26},"end":{"line":58,"column":32}},"12":{"start":{"line":60,"column":10},"end":{"line":60,"column":29}},"13":{"start":{"line":60,"column":30},"end":{"line":60,"column":36}},"14":{"start":{"line":65,"column":4},"end":{"line":70,"column":7}},"15":{"start":{"line":69,"column":6},"end":{"line":69,"column":43}},"16":{"start":{"line":84,"column":4},"end":{"line":125,"column":5}},"17":{"start":{"line":113,"column":22},"end":{"line":113,"column":121}},"18":{"start":{"line":124,"column":17},"end":{"line":124,"column":133}},"19":{"start":{"line":129,"column":4},"end":{"line":142,"column":13}},"20":{"start":{"line":129,"column":59},"end":{"line":129,"column":90}},"21":{"start":{"line":129,"column":117},"end":{"line":129,"column":141}},"22":{"start":{"line":138,"column":35},"end":{"line":138,"column":59}},"23":{"start":{"line":139,"column":35},"end":{"line":139,"column":60}}},"fnMap":{"0":{"name":"(anonymous_0)","decl":{"start":{"line":24,"column":2},"end":{"line":24,"column":3}},"loc":{"start":{"line":24,"column":16},"end":{"line":34,"column":3}},"line":24},"1":{"name":"(anonymous_1)","decl":{"start":{"line":36,"column":2},"end":{"line":36,"column":3}},"loc":{"start":{"line":36,"column":25},"end":{"line":43,"column":3}},"line":36},"2":{"name":"(anonymous_2)","decl":{"start":{"line":45,"column":2},"end":{"line":45,"column":3}},"loc":{"start":{"line":45,"column":28},"end":{"line":49,"column":3}},"line":45},"3":{"name":"(anonymous_3)","decl":{"start":{"line":51,"column":2},"end":{"line":51,"column":3}},"loc":{"start":{"line":51,"column":30},"end":{"line":71,"column":3}},"line":51},"4":{"name":"(anonymous_4)","decl":{"start":{"line":68,"column":7},"end":{"line":68,"column":8}},"loc":{"start":{"line":68,"column":13},"end":{"line":70,"column":5}},"line":68},"5":{"name":"(anonymous_5)","decl":{"start":{"line":83,"column":2},"end":{"line":83,"column":3}},"loc":{"start":{"line":83,"column":18},"end":{"line":126,"column":3}},"line":83},"6":{"name":"(anonymous_6)","decl":{"start":{"line":128,"column":2},"end":{"line":128,"column":3}},"loc":{"start":{"line":128,"column":11},"end":{"line":143,"column":3}},"line":128},"7":{"name":"(anonymous_7)","decl":{"start":{"line":129,"column":51},"end":{"line":129,"column":52}},"loc":{"start":{"line":129,"column":57},"end":{"line":129,"column":91}},"line":129},"8":{"name":"(anonymous_8)","decl":{"start":{"line":129,"column":109},"end":{"line":129,"column":110}},"loc":{"start":{"line":129,"column":115},"end":{"line":129,"column":142}},"line":129},"9":{"name":"(anonymous_9)","decl":{"start":{"line":138,"column":27},"end":{"line":138,"column":28}},"loc":{"start":{"line":138,"column":33},"end":{"line":138,"column":60}},"line":138},"10":{"name":"(anonymous_10)","decl":{"start":{"line":139,"column":27},"end":{"line":139,"column":28}},"loc":{"start":{"line":139,"column":33},"end":{"line":139,"column":61}},"line":139}},"branchMap":{"0":{"loc":{"start":{"line":51,"column":18},"end":{"line":51,"column":28}},"type":"default-arg","locations":[{"start":{"line":51,"column":24},"end":{"line":51,"column":28}}],"line":51},"1":{"loc":{"start":{"line":54,"column":4},"end":{"line":63,"column":5}},"type":"switch","locations":[{"start":{"line":55,"column":6},"end":{"line":55,"column":48}},{"start":{"line":56,"column":6},"end":{"line":62,"column":7}}],"line":54},"2":{"loc":{"start":{"line":57,"column":8},"end":{"line":61,"column":9}},"type":"if","locations":[{"start":{"line":57,"column":8},"end":{"line":61,"column":9}},{"start":{"line":57,"column":8},"end":{"line":61,"column":9}}],"line":57},"3":{"loc":{"start":{"line":84,"column":4},"end":{"line":125,"column":5}},"type":"switch","locations":[{"start":{"line":113,"column":6},"end":{"line":113,"column":123}},{"start":{"line":124,"column":6},"end":{"line":124,"column":135}}],"line":84}},"s":{"0":3,"1":69,"2":69,"3":69,"4":102,"5":204,"6":5,"7":2,"8":2,"9":3,"10":2,"11":2,"12":1,"13":1,"14":5,"15":5,"16":100,"17":6,"18":12,"19":98,"20":0,"21":0,"22":1,"23":1},"f":{"0":69,"1":102,"2":204,"3":5,"4":5,"5":100,"6":98,"7":0,"8":0,"9":1,"10":1},"b":{"0":[4],"1":[2,3],"2":[2,1],"3":[6,12]},"_coverageSchema":"332fd63041d2c1bcb487cc26dd0d5f7d97098a6c","hash":"e51064de00d4f8ef5ea2b2f5ae2576537e53249c"}
,"/Users/tomekbuszewski/Sites/MovieTinder/source/containers/MovieList/index.js": {"path":"/Users/tomekbuszewski/Sites/MovieTinder/source/containers/MovieList/index.js","statementMap":{"0":{"start":{"line":13,"column":12},"end":{"line":13,"column":52}},"1":{"start":{"line":17,"column":4},"end":{"line":17,"column":12}},"2":{"start":{"line":19,"column":4},"end":{"line":21,"column":5}},"3":{"start":{"line":25,"column":4},"end":{"line":27,"column":26}},"4":{"start":{"line":26,"column":20},"end":{"line":26,"column":45}},"5":{"start":{"line":27,"column":19},"end":{"line":27,"column":24}},"6":{"start":{"line":31,"column":4},"end":{"line":31,"column":29}},"7":{"start":{"line":35,"column":19},"end":{"line":35,"column":69}},"8":{"start":{"line":35,"column":53},"end":{"line":35,"column":68}},"9":{"start":{"line":37,"column":4},"end":{"line":37,"column":30}},"10":{"start":{"line":41,"column":4},"end":{"line":41,"column":17}},"11":{"start":{"line":45,"column":4},"end":{"line":47,"column":23}},"12":{"start":{"line":46,"column":68},"end":{"line":46,"column":216}},"13":{"start":{"line":46,"column":93},"end":{"line":46,"column":119}}},"fnMap":{"0":{"name":"(anonymous_0)","decl":{"start":{"line":16,"column":2},"end":{"line":16,"column":3}},"loc":{"start":{"line":16,"column":16},"end":{"line":22,"column":3}},"line":16},"1":{"name":"(anonymous_1)","decl":{"start":{"line":24,"column":2},"end":{"line":24,"column":3}},"loc":{"start":{"line":24,"column":10},"end":{"line":28,"column":3}},"line":24},"2":{"name":"(anonymous_2)","decl":{"start":{"line":26,"column":12},"end":{"line":26,"column":13}},"loc":{"start":{"line":26,"column":20},"end":{"line":26,"column":45}},"line":26},"3":{"name":"(anonymous_3)","decl":{"start":{"line":27,"column":13},"end":{"line":27,"column":14}},"loc":{"start":{"line":27,"column":19},"end":{"line":27,"column":24}},"line":27},"4":{"name":"(anonymous_4)","decl":{"start":{"line":30,"column":2},"end":{"line":30,"column":3}},"loc":{"start":{"line":30,"column":20},"end":{"line":32,"column":3}},"line":30},"5":{"name":"(anonymous_5)","decl":{"start":{"line":34,"column":2},"end":{"line":34,"column":3}},"loc":{"start":{"line":34,"column":18},"end":{"line":38,"column":3}},"line":34},"6":{"name":"(anonymous_6)","decl":{"start":{"line":35,"column":44},"end":{"line":35,"column":45}},"loc":{"start":{"line":35,"column":53},"end":{"line":35,"column":68}},"line":35},"7":{"name":"(anonymous_7)","decl":{"start":{"line":40,"column":2},"end":{"line":40,"column":3}},"loc":{"start":{"line":40,"column":22},"end":{"line":42,"column":3}},"line":40},"8":{"name":"(anonymous_8)","decl":{"start":{"line":44,"column":2},"end":{"line":44,"column":3}},"loc":{"start":{"line":44,"column":11},"end":{"line":48,"column":3}},"line":44},"9":{"name":"(anonymous_9)","decl":{"start":{"line":46,"column":59},"end":{"line":46,"column":60}},"loc":{"start":{"line":46,"column":68},"end":{"line":46,"column":216}},"line":46},"10":{"name":"(anonymous_10)","decl":{"start":{"line":46,"column":85},"end":{"line":46,"column":86}},"loc":{"start":{"line":46,"column":91},"end":{"line":46,"column":121}},"line":46}},"branchMap":{"0":{"loc":{"start":{"line":45,"column":11},"end":{"line":47,"column":22}},"type":"cond-expr","locations":[{"start":{"line":46,"column":8},"end":{"line":46,"column":225}},{"start":{"line":47,"column":8},"end":{"line":47,"column":22}}],"line":45}},"s":{"0":2,"1":4,"2":4,"3":5,"4":4,"5":1,"6":6,"7":1,"8":2,"9":1,"10":4,"11":11,"12":85,"13":0},"f":{"0":4,"1":5,"2":4,"3":1,"4":6,"5":1,"6":2,"7":4,"8":11,"9":85,"10":0},"b":{"0":[7,4]},"_coverageSchema":"332fd63041d2c1bcb487cc26dd0d5f7d97098a6c","hash":"33a71aa9a825a490d9d95845e4b726dce6315839"}
,"/Users/tomekbuszewski/Sites/MovieTinder/source/containers/MovieList/index.mock.js": {"path":"/Users/tomekbuszewski/Sites/MovieTinder/source/containers/MovieList/index.mock.js","statementMap":{"0":{"start":{"line":1,"column":15},"end":{"line":46,"column":1}}},"fnMap":{},"branchMap":{},"s":{"0":1},"f":{},"b":{},"_coverageSchema":"332fd63041d2c1bcb487cc26dd0d5f7d97098a6c","hash":"d589a23a3dd6e9edd8f249ff8cb0664141cc93de"}
}
