TN:
SF:/Users/tomekbuszewski/Sites/MovieTinder/source/config.js
FNF:0
FNH:0
DA:1,2
LF:1
LH:1
BRF:0
BRH:0
end_of_record
TN:
SF:/Users/tomekbuszewski/Sites/MovieTinder/source/components/App/index.js
FN:6,(anonymous_0)
FNF:1
FNH:1
FNDA:1,(anonymous_0)
DA:6,1
LF:1
LH:1
BRF:0
BRH:0
end_of_record
TN:
SF:/Users/tomekbuszewski/Sites/MovieTinder/source/components/Button/index.js
FN:12,(anonymous_0)
FN:27,(anonymous_1)
FNF:2
FNH:1
FNDA:197,(anonymous_0)
FNDA:0,(anonymous_1)
DA:10,4
DA:12,4
DA:13,197
DA:14,197
DA:16,197
DA:19,4
DA:25,4
LF:7
LH:7
BRDA:13,0,0,98
BRDA:13,0,1,99
BRF:2
BRH:2
end_of_record
TN:
SF:/Users/tomekbuszewski/Sites/MovieTinder/source/components/EmptyState/index.js
FN:11,(anonymous_0)
FNF:1
FNH:1
FNDA:4,(anonymous_0)
DA:9,2
DA:11,4
LF:2
LH:2
BRF:0
BRH:0
end_of_record
TN:
SF:/Users/tomekbuszewski/Sites/MovieTinder/source/components/Image/index.js
FN:14,(anonymous_0)
FNF:1
FNH:1
FNDA:100,(anonymous_0)
DA:14,4
DA:15,100
DA:17,4
DA:23,4
LF:4
LH:4
BRF:0
BRH:0
end_of_record
TN:
SF:/Users/tomekbuszewski/Sites/MovieTinder/source/components/Rating/index.js
FN:15,(anonymous_0)
FNF:1
FNH:1
FNDA:99,(anonymous_0)
DA:6,4
DA:15,4
DA:16,99
DA:18,99
DA:19,99
DA:21,99
LF:6
LH:6
BRDA:18,0,0,0
BRDA:18,0,1,99
BRDA:19,1,0,4
BRDA:19,1,1,95
BRDA:19,2,0,99
BRDA:19,2,1,99
BRF:6
BRH:5
end_of_record
TN:
SF:/Users/tomekbuszewski/Sites/MovieTinder/source/components/TextBlock/index.js
FN:7,(anonymous_0)
FNF:1
FNH:1
FNDA:106,(anonymous_0)
DA:7,4
DA:8,106
DA:10,106
DA:13,4
DA:19,4
LF:5
LH:5
BRDA:8,0,0,8
BRDA:8,0,1,98
BRF:2
BRH:2
end_of_record
TN:
SF:/Users/tomekbuszewski/Sites/MovieTinder/source/components/TextHeader/index.js
FN:8,(anonymous_0)
FNF:1
FNH:1
FNDA:105,(anonymous_0)
DA:8,4
DA:9,105
DA:10,105
DA:11,105
DA:13,105
DA:16,4
DA:22,4
LF:7
LH:7
BRDA:9,0,0,5
BRDA:9,0,1,100
BRDA:10,1,0,5
BRDA:10,1,1,100
BRF:4
BRH:4
end_of_record
TN:
SF:/Users/tomekbuszewski/Sites/MovieTinder/source/components/TextList/index.js
FN:11,(anonymous_0)
FN:15,(anonymous_1)
FNF:2
FNH:2
FNDA:3,(anonymous_0)
FNDA:6,(anonymous_1)
DA:8,1
DA:11,1
DA:12,3
DA:14,3
DA:15,6
DA:19,1
DA:25,1
LF:7
LH:7
BRDA:12,0,0,2
BRDA:12,0,1,1
BRF:2
BRH:2
end_of_record
TN:
SF:/Users/tomekbuszewski/Sites/MovieTinder/source/containers/Movie/index.js
FN:24,(anonymous_0)
FN:36,(anonymous_1)
FN:45,(anonymous_2)
FN:51,(anonymous_3)
FN:68,(anonymous_4)
FN:83,(anonymous_5)
FN:128,(anonymous_6)
FN:129,(anonymous_7)
FN:129,(anonymous_8)
FN:138,(anonymous_9)
FN:139,(anonymous_10)
FNF:11
FNH:9
FNDA:69,(anonymous_0)
FNDA:102,(anonymous_1)
FNDA:204,(anonymous_2)
FNDA:5,(anonymous_3)
FNDA:5,(anonymous_4)
FNDA:100,(anonymous_5)
FNDA:98,(anonymous_6)
FNDA:0,(anonymous_7)
FNDA:0,(anonymous_8)
FNDA:1,(anonymous_9)
FNDA:1,(anonymous_10)
DA:21,3
DA:25,69
DA:27,69
DA:33,69
DA:37,102
DA:46,204
DA:54,5
DA:55,2
DA:57,3
DA:58,2
DA:60,1
DA:65,5
DA:69,5
DA:84,100
DA:113,6
DA:124,12
DA:129,98
DA:138,1
DA:139,1
LF:19
LH:19
BRDA:51,0,0,4
BRDA:54,1,0,2
BRDA:54,1,1,3
BRDA:57,2,0,2
BRDA:57,2,1,1
BRDA:84,3,0,6
BRDA:84,3,1,12
BRF:7
BRH:7
end_of_record
TN:
SF:/Users/tomekbuszewski/Sites/MovieTinder/source/containers/MovieList/index.js
FN:16,(anonymous_0)
FN:24,(anonymous_1)
FN:26,(anonymous_2)
FN:27,(anonymous_3)
FN:30,(anonymous_4)
FN:34,(anonymous_5)
FN:35,(anonymous_6)
FN:40,(anonymous_7)
FN:44,(anonymous_8)
FN:46,(anonymous_9)
FN:46,(anonymous_10)
FNF:11
FNH:10
FNDA:4,(anonymous_0)
FNDA:5,(anonymous_1)
FNDA:4,(anonymous_2)
FNDA:1,(anonymous_3)
FNDA:6,(anonymous_4)
FNDA:1,(anonymous_5)
FNDA:2,(anonymous_6)
FNDA:4,(anonymous_7)
FNDA:11,(anonymous_8)
FNDA:85,(anonymous_9)
FNDA:0,(anonymous_10)
DA:13,2
DA:17,4
DA:19,4
DA:25,5
DA:26,4
DA:27,1
DA:31,6
DA:35,2
DA:37,1
DA:41,4
DA:45,11
DA:46,85
LF:12
LH:12
BRDA:45,0,0,7
BRDA:45,0,1,4
BRF:2
BRH:2
end_of_record
TN:
SF:/Users/tomekbuszewski/Sites/MovieTinder/source/containers/MovieList/index.mock.js
FNF:0
FNH:0
DA:1,1
LF:1
LH:1
BRF:0
BRH:0
end_of_record
